<?xml version="1.0" encoding="UTF-8"?>
<testng-results skipped="0" failed="0" total="1" passed="1">
  <reporter-output>
  </reporter-output>
  <suite name="Default suite" duration-ms="4388" started-at="2015-07-10T08:19:45Z" finished-at="2015-07-10T08:19:49Z">
    <groups>
    </groups>
    <test name="Default test" duration-ms="4388" started-at="2015-07-10T08:19:45Z" finished-at="2015-07-10T08:19:49Z">
      <class name="Organizations">
        <test-method status="PASS" signature="testRest()[pri:0, instance:Organizations@6442b0a6]" name="testRest" duration-ms="4354" started-at="2015-07-10T10:19:45Z" finished-at="2015-07-10T10:19:49Z">
          <reporter-output>
          </reporter-output>
        </test-method> <!-- testRest -->
      </class> <!-- Organizations -->
    </test> <!-- Default test -->
  </suite> <!-- Default suite -->
</testng-results>
